[2025-05-09 00:36:31] [INFO] ABX Client starting up.
[2025-05-09 00:36:31] [INFO] Networking initialized.
[2025-05-09 00:36:31] [INFO] --- Phase 1: Streaming all packets ---
[2025-05-09 00:36:31] [INFO] Attempting to connect to server 127.0.0.1:3000
[2025-05-09 00:36:31] [INFO] Successfully connected to server.
[2025-05-09 00:36:31] [INFO] Sending Stream All Packets request (Type 1)
[2025-05-09 00:36:31] [DEBUG] Received streamed packet: Packet { Seq: 1, Symbol: AAPL, Indicator: B, Qty: 50, Price: 100 }
[2025-05-09 00:36:31] [DEBUG] Received streamed packet: Packet { Seq: 4, Symbol: AAPL, Indicator: S, Qty: 10, Price: 102 }
[2025-05-09 00:36:31] [DEBUG] Received streamed packet: Packet { Seq: 5, Symbol: META, Indicator: B, Qty: 40, Price: 50 }
[2025-05-09 00:36:31] [DEBUG] Received streamed packet: Packet { Seq: 7, Symbol: META, Indicator: S, Qty: 20, Price: 57 }
[2025-05-09 00:36:31] [DEBUG] Received streamed packet: Packet { Seq: 8, Symbol: MSFT, Indicator: B, Qty: 25, Price: 150 }
[2025-05-09 00:36:31] [DEBUG] Received streamed packet: Packet { Seq: 9, Symbol: MSFT, Indicator: S, Qty: 15, Price: 155 }
[2025-05-09 00:36:31] [DEBUG] Received streamed packet: Packet { Seq: 11, Symbol: AMZN, Indicator: B, Qty: 10, Price: 3000 }
[2025-05-09 00:36:31] [DEBUG] Received streamed packet: Packet { Seq: 12, Symbol: AMZN, Indicator: B, Qty: 5, Price: 2999 }
[2025-05-09 00:36:31] [DEBUG] Received streamed packet: Packet { Seq: 13, Symbol: AMZN, Indicator: S, Qty: 15, Price: 3020 }
[2025-05-09 00:36:31] [DEBUG] Received streamed packet: Packet { Seq: 14, Symbol: AMZN, Indicator: S, Qty: 10, Price: 3015 }
[2025-05-09 00:36:31] [INFO] Server closed connection (end of stream).
[2025-05-09 00:36:31] [INFO] Stream socket closed.
[2025-05-09 00:36:31] [INFO] --- Phase 2: Identifying missing packets ---
[2025-05-09 00:36:31] [INFO] Identified 4 missing packet sequences: 2, 3, 6, 10
[2025-05-09 00:36:31] [INFO] --- Phase 3: Requesting missing packets ---
[2025-05-09 00:36:31] [INFO] Attempting to connect to server 127.0.0.1:3000
[2025-05-09 00:36:31] [INFO] Successfully connected to server.
[2025-05-09 00:36:31] [INFO] Sending Resend Packet request (Type 2) for sequence 2
[2025-05-09 00:36:31] [DEBUG] Received resent packet: Packet { Seq: 2, Symbol: AAPL, Indicator: B, Qty: 30, Price: 98 }
[2025-05-09 00:36:31] [DEBUG] Resend socket for sequence 2 closed.
[2025-05-09 00:36:31] [INFO] Attempting to connect to server 127.0.0.1:3000
[2025-05-09 00:36:31] [INFO] Successfully connected to server.
[2025-05-09 00:36:31] [INFO] Sending Resend Packet request (Type 2) for sequence 3
[2025-05-09 00:36:31] [DEBUG] Received resent packet: Packet { Seq: 3, Symbol: AAPL, Indicator: S, Qty: 20, Price: 101 }
[2025-05-09 00:36:31] [DEBUG] Resend socket for sequence 3 closed.
[2025-05-09 00:36:31] [INFO] Attempting to connect to server 127.0.0.1:3000
[2025-05-09 00:36:31] [INFO] Successfully connected to server.
[2025-05-09 00:36:31] [INFO] Sending Resend Packet request (Type 2) for sequence 6
[2025-05-09 00:36:31] [DEBUG] Received resent packet: Packet { Seq: 6, Symbol: META, Indicator: S, Qty: 30, Price: 55 }
[2025-05-09 00:36:31] [DEBUG] Resend socket for sequence 6 closed.
[2025-05-09 00:36:31] [INFO] Attempting to connect to server 127.0.0.1:3000
[2025-05-09 00:36:31] [INFO] Successfully connected to server.
[2025-05-09 00:36:31] [INFO] Sending Resend Packet request (Type 2) for sequence 10
[2025-05-09 00:36:31] [DEBUG] Received resent packet: Packet { Seq: 10, Symbol: MSFT, Indicator: B, Qty: 20, Price: 148 }
[2025-05-09 00:36:31] [DEBUG] Resend socket for sequence 10 closed.
[2025-05-09 00:36:31] [INFO] --- Final Data Processing ---
[2025-05-09 00:36:31] [INFO] Sorted and removed duplicates from collected packets.
[2025-05-09 00:36:31] [INFO] Total unique packets collected: 14
[2025-05-09 00:36:31] [INFO] Highest sequence seen in initial stream: 14
[2025-05-09 00:36:31] [INFO] Successfully received all packets up to max sequence.
[2025-05-09 00:36:31] [INFO] Attempting to save collected packets to JSON file: packets.json
[2025-05-09 00:36:31] [INFO] Successfully saved packets to packets.json
[2025-05-09 00:36:31] [INFO] Networking cleaned up.
[2025-05-09 00:36:31] [INFO] ABX Client shutting down.
[2025-05-09 00:36:31] [INFO] Closing log file.
